<?xml version="1.0" encoding="UTF-8"?>
<!-- Generated by org.testng.reporters.JUnitReportReporter -->
<testsuite hostname="Sathish" failures="0" tests="10" name="com.mindtree.runner.CarSavaariRunner" time="82.857" errors="0" timestamp="2022-01-18T15:12:11 IST" skipped="0">
  <testcase classname="com.mindtree.runner.CarSavaariRunner" name="pageValidation" time="0.723"/>
  <system-out/>
  <testcase classname="com.mindtree.runner.CarSavaariRunner" name="signin" time="13.141"/>
  <system-out/>
  <testcase classname="com.mindtree.runner.CarSavaariRunner" name="TravelAgent" time="6.659"/>
  <system-out/>
  <testcase classname="com.mindtree.runner.CarSavaariRunner" name="outStation" time="13.073"/>
  <system-out/>
  <testcase classname="com.mindtree.runner.CarSavaariRunner" name="trip" time="8.511"/>
  <system-out/>
  <testcase classname="com.mindtree.runner.CarSavaariRunner" name="Local" time="5.784"/>
  <system-out/>
  <testcase classname="com.mindtree.runner.CarSavaariRunner" name="instgram1" time="6.305"/>
  <system-out/>
  <testcase classname="com.mindtree.runner.CarSavaariRunner" name="CarRental" time="20.999"/>
  <system-out/>
  <testcase classname="com.mindtree.runner.CarSavaariRunner" name="instgram" time="6.285"/>
  <system-out/>
  <testcase classname="com.mindtree.runner.CarSavaariRunner" name="signOuts" time="1.377"/>
  <system-out/>
</testsuite> <!-- com.mindtree.runner.CarSavaariRunner -->
