<?xml version="1.0" encoding="UTF-8"?>
<!-- Generated by org.testng.reporters.JUnitReportReporter -->
<testsuite hostname="Sathish" failures="0" tests="1" name="com.mindtree.testcases.LoginTestSavaari" time="5.039" errors="0" timestamp="2022-01-16T15:19:38 IST" skipped="0">
  <testcase classname="com.mindtree.testcases.LoginTestSavaari" name="LoginApp" time="5.039"/>
  <system-out/>
</testsuite> <!-- com.mindtree.testcases.LoginTestSavaari -->
