<?xml version="1.0" encoding="UTF-8"?>
<!-- Generated by org.testng.reporters.JUnitReportReporter -->
<testsuite hostname="Sathish" failures="0" tests="1" name="com.mindtree.testcases.AboutUsValidation" time="9.365" errors="0" timestamp="2022-01-16T16:25:11 IST" skipped="0">
  <testcase classname="com.mindtree.testcases.AboutUsValidation" name="AboutusValidation" time="9.365"/>
  <system-out/>
</testsuite> <!-- com.mindtree.testcases.AboutUsValidation -->
