<?xml version="1.0" encoding="UTF-8"?>
<!-- Generated by org.testng.reporters.JUnitReportReporter -->
<testsuite hostname="Sathish" failures="0" tests="1" name="com.mindtree.testcases.LoginApplication" time="3.815" errors="0" timestamp="2022-01-16T16:19:14 IST" skipped="0">
  <testcase classname="com.mindtree.testcases.LoginApplication" name="Login" time="3.815"/>
  <system-out/>
</testsuite> <!-- com.mindtree.testcases.LoginApplication -->
